<?xml version="1.0" encoding="UTF-8"?>
<!-- Generated by org.testng.reporters.JUnitReportReporter -->
<testsuite hostname="DESKTOP-RI1PC0O" failures="0" tests="1" name="firstpackage.FirstclassTest" time="0.005" errors="0" timestamp="2020-10-20T23:59:39 EDT" skipped="0">
  <testcase classname="firstpackage.FirstclassTest" name="firstclasstest" time="0.005"/>
  <system-out/>
</testsuite> <!-- firstpackage.FirstclassTest -->
